<?xml version="1.0" encoding="UTF-8"?>
<testsuite name="com.guidely.chatorchestra.controller.SttControllerTest" tests="1" skipped="0" failures="0" errors="0" timestamp="2025-09-04T00:06:06" hostname="Jiwonui-MacBookAir.local" time="0.015">
  <properties/>
  <testcase name="transcribe_ShouldReturn200AndTranscript()" classname="com.guidely.chatorchestra.controller.SttControllerTest" time="0.015"/>
  <system-out><![CDATA[2025-09-04 09:06:06 - Could not detect default configuration classes for test class [com.guidely.chatorchestra.controller.SttControllerTest]: SttControllerTest does not declare any static, non-private, non-final, nested classes annotated with @Configuration.
2025-09-04 09:06:06 - Found @SpringBootConfiguration com.guidely.chatorchestra.ChatOrchestraApplication for test class com.guidely.chatorchestra.controller.SttControllerTest

  .   ____          _            __ _ _
 /\\ / ___'_ __ _ _(_)_ __  __ _ \ \ \ \
( ( )\___ | '_ | '_| | '_ \/ _` | \ \ \ \
 \\/  ___)| |_)| | | | | || (_| |  ) ) ) )
  '  |____| .__|_| |_|_| |_\__, | / / / /
 =========|_|==============|___/=/_/_/_/

 :: Spring Boot ::                (v3.5.5)

2025-09-04 09:06:06 - Starting SttControllerTest using Java 17.0.16 with PID 30501 (started by jiwonyoun in /Users/jiwonyoun/Desktop/chat-orchestra)
2025-09-04 09:06:06 - No active profile set, falling back to 1 default profile: "default"
2025-09-04 09:06:06 - Initializing Spring TestDispatcherServlet ''
2025-09-04 09:06:06 - Initializing Servlet ''
2025-09-04 09:06:06 - Completed initialization in 0 ms
2025-09-04 09:06:06 - Started SttControllerTest in 0.173 seconds (process running for 1.966)
2025-09-04 09:06:06 - Transcribing audio in language: ko-KR
]]></system-out>
  <system-err><![CDATA[]]></system-err>
</testsuite>
