<?xml version="1.0" encoding="UTF-8"?>
<testsuite name="com.guidely.chatorchestra.service.ConversationServiceTest" tests="4" skipped="0" failures="0" errors="0" timestamp="2025-09-04T00:06:06" hostname="Jiwonui-MacBookAir.local" time="0.053">
  <properties/>
  <testcase name="startSession_ShouldCreateNewConversation()" classname="com.guidely.chatorchestra.service.ConversationServiceTest" time="0.048"/>
  <testcase name="appendMessage_ShouldThrowExceptionWhenConversationNotFound()" classname="com.guidely.chatorchestra.service.ConversationServiceTest" time="0.002"/>
  <testcase name="endSession_ShouldEndConversation()" classname="com.guidely.chatorchestra.service.ConversationServiceTest" time="0.001"/>
  <testcase name="appendMessage_ShouldAddMessageToConversation()" classname="com.guidely.chatorchestra.service.ConversationServiceTest" time="0.001"/>
  <system-out><![CDATA[2025-09-04 09:06:06 - Starting conversation session for userId: test-user
2025-09-04 09:06:06 - Started conversation session: d5244710-267d-4127-8d44-9dc3cd5e7624
2025-09-04 09:06:06 - Appending message to session: 7aed8877-d243-45ea-9d66-f8cfdc49751f, role: USER
2025-09-04 09:06:06 - Ending conversation session: 523b963e-bcc2-4bc0-b618-a1838b8f71b0, reason: User ended conversation
2025-09-04 09:06:06 - Ended conversation session: 523b963e-bcc2-4bc0-b618-a1838b8f71b0
2025-09-04 09:06:06 - Appending message to session: f704e6c4-0504-4169-ab1a-add564312797, role: USER
2025-09-04 09:06:06 - Added message: 998ec3ba-a3bc-4caf-bcb3-e382a2ab06df to session: f704e6c4-0504-4169-ab1a-add564312797
]]></system-out>
  <system-err><![CDATA[]]></system-err>
</testsuite>
